2025-08-04 14:53:28,086 - INFO - Starting auto research system...
2025-08-04 14:53:28,086 - INFO - Found diary file: /Users/haruki/dev/tools/auto-research/test_diary/2025/08/03.md
2025-08-04 14:53:28,086 - INFO - Found diary file: /Users/haruki/dev/tools/auto-research/test_diary/2025/08/02.md
2025-08-04 14:53:28,086 - INFO - Calling Perplexity API...
2025-08-04 14:53:57,608 - INFO - Research report saved: /Users/haruki/dev/tools/auto-research/test_output/2025-08-04.md
2025-08-04 14:53:57,609 - INFO - Auto research completed successfully: /Users/haruki/dev/tools/auto-research/test_output/2025-08-04.md
2025-08-04 15:15:05,909 - INFO - Starting auto research system...
2025-08-04 15:15:05,910 - INFO - Found diary file: /Users/haruki/dev/tools/auto-research/test_diary/2025/08/03.md
2025-08-04 15:15:05,910 - INFO - Found diary file: /Users/haruki/dev/tools/auto-research/test_diary/2025/08/02.md
2025-08-04 15:15:05,912 - INFO - Calling Perplexity API...
2025-08-04 15:15:38,616 - INFO - Research report saved: /Users/haruki/dev/tools/auto-research/test_output/2025-08-04.md
2025-08-04 15:15:38,616 - INFO - Auto research completed successfully: /Users/haruki/dev/tools/auto-research/test_output/2025-08-04.md
2025-08-04 15:20:28,268 - INFO - Starting auto research system...
2025-08-04 15:20:28,268 - WARNING - No diary files found
2025-08-04 15:22:59,827 - INFO - Starting auto research system...
2025-08-04 15:22:59,827 - INFO - Found diary file: /Users/haruki/Library/Mobile Documents/iCloud~md~obsidian/Documents/I-think-therefore-I-am/diary/2025/08/2025-08-03.md
2025-08-04 15:22:59,827 - INFO - Found diary file: /Users/haruki/Library/Mobile Documents/iCloud~md~obsidian/Documents/I-think-therefore-I-am/diary/2025/08/2025-08-02.md
2025-08-04 15:22:59,828 - INFO - Previous day diary has 5476 characters, skipping older entries
2025-08-04 15:22:59,828 - INFO - Calling Perplexity API...
2025-08-04 15:24:24,575 - INFO - Research report saved: /Users/haruki/Library/Mobile Documents/iCloud~md~obsidian/Documents/I-think-therefore-I-am/artifact/research-report/2025-08-04.md
2025-08-04 15:24:24,575 - INFO - Auto research completed successfully: /Users/haruki/Library/Mobile Documents/iCloud~md~obsidian/Documents/I-think-therefore-I-am/artifact/research-report/2025-08-04.md
